<?xml version="1.0" encoding="utf-8"?><testsuites name="pytest tests"><testsuite name="pytest" errors="0" failures="0" skipped="0" tests="40" time="9.010" timestamp="2026-07-22T11:05:39.900011+00:00" hostname="agent-env-c43dc2c3-5ebb-4213-a515-bce8b602a49c"><testcase classname="tests.backend_test.TestRoleGating" name="test_operator_forbidden_get[/ledger]" time="0.727" /><testcase classname="tests.backend_test.TestRoleGating" name="test_operator_forbidden_get[/finance/summary]" time="0.091" /><testcase classname="tests.backend_test.TestRoleGating" name="test_operator_forbidden_get[/finance/margin-timeseries]" time="0.099" /><testcase classname="tests.backend_test.TestRoleGating" name="test_operator_forbidden_get[/activity]" time="0.126" /><testcase classname="tests.backend_test.TestRoleGating" name="test_operator_forbidden_get[/rate-history]" time="0.138" /><testcase classname="tests.backend_test.TestBookings" name="test_create_booking_computes_margin_and_ledgers" time="1.469" /><testcase classname="tests.backend_test.TestRoleGating" name="test_operator_forbidden_reports" time="0.223" /><testcase classname="tests.backend_test.TestRoleGating" name="test_operator_forbidden_owners_mutations" time="0.117" /><testcase classname="tests.backend_test.TestBookings" name="test_update_booking_recomputes_margin" time="0.102" /><testcase classname="tests.backend_test.TestRoleGating" name="test_operator_forbidden_agents" time="0.094" /><testcase classname="tests.backend_test.TestRoleGating" name="test_operator_forbidden_cars_create" time="0.274" /><testcase classname="tests.backend_test.TestBookings" name="test_operator_get_hides_financials" time="0.643" /><testcase classname="tests.backend_test.TestAuth" name="test_login_super_admin" time="0.320" /><testcase classname="tests.backend_test.TestAuth" name="test_login_operator" time="0.364" /><testcase classname="tests.backend_test.TestBookings" name="test_operator_list_hides_financials" time="0.322" /><testcase classname="tests.backend_test.TestBookings" name="test_operator_put_status_only" time="0.881" /><testcase classname="tests.backend_test.TestAuth" name="test_login_invalid_credentials" time="0.331" /><testcase classname="tests.backend_test.TestAuth" name="test_me_with_bearer" time="0.600" /><testcase classname="tests.backend_test.TestBookings" name="test_operator_create_returns_sanitized" time="0.841" /><testcase classname="tests.backend_test.TestAuth" name="test_me_no_auth" time="0.092" /><testcase classname="tests.backend_test.TestAuth" name="test_logout" time="0.548" /><testcase classname="tests.backend_test.TestFinance" name="test_finance_summary" time="0.178" /><testcase classname="tests.backend_test.TestBookings" name="test_operator_cannot_delete_booking" time="0.095" /><testcase classname="tests.backend_test.TestFinance" name="test_margin_timeseries[day]" time="0.105" /><testcase classname="tests.backend_test.TestBookings" name="test_delete_booking_reverses_ledger" time="1.048" /><testcase classname="tests.backend_test.TestFinance" name="test_margin_timeseries[week]" time="0.105" /><testcase classname="tests.backend_test.TestFinance" name="test_margin_timeseries[month]" time="0.094" /><testcase classname="tests.backend_test.TestCars" name="test_car_dup_registration_rejected" time="0.564" /><testcase classname="tests.backend_test.TestCars" name="test_car_rate_change_creates_history" time="0.785" /><testcase classname="tests.backend_test.TestSettings" name="test_settings_super_full" time="0.098" /><testcase classname="tests.backend_test.TestSettings" name="test_settings_operator_limited" time="0.141" /><testcase classname="tests.backend_test.TestSettings" name="test_update_savings_percent" time="0.336" /><testcase classname="tests.backend_test.TestActivity" name="test_activity_lists" time="0.094" /><testcase classname="tests.backend_test.TestReports" name="test_pdf_report" time="0.151" /><testcase classname="tests.backend_test.TestActivity" name="test_activity_grows_on_owner_create" time="0.436" /><testcase classname="tests.backend_test.TestReports" name="test_xlsx_report" time="0.107" /><testcase classname="tests.backend_test.TestAgents" name="test_agent_crud" time="0.430" /><testcase classname="tests.backend_test.TestOwners" name="test_owner_crud" time="0.670" /><testcase classname="tests.backend_test.TestLedgerPayments" name="test_ledger_partial_then_paid_and_overpay" time="1.759" /><testcase classname="tests.backend_test.TestTransfers" name="test_transfers_list_and_status" time="1.204" /></testsuite></testsuites>